2025-08-06 09:16:21,868 INFO === Avvio poll con has_attachment=True ===
2025-08-06 09:16:21,868 INFO Polling IMAP in.postassl.it mailbox INBOX with search 'UNSEEN'
2025-08-06 09:16:22,099 INFO Logged in to in.postassl.it as purchase.order@oilsafe.it
2025-08-06 09:16:22,164 INFO IMAP search returned 2 messages
2025-08-06 09:16:22,287 DEBUG Fetched IMAP message 510
2025-08-06 09:16:22,288 INFO IMAP polling returned 1 messages
2025-08-06 09:16:22,306 INFO has_attachment=True -> 1 messaggi: ['510']
2025-08-06 09:16:22,306 DEBUG Messaggio 510, subject='Cargill Purchase Order 4519599569 CASTELMASSA RO I'
2025-08-06 09:16:22,307 INFO === Avvio poll con has_attachment=False ===
2025-08-06 09:16:22,307 INFO Polling IMAP in.postassl.it mailbox INBOX with search 'UNSEEN'
2025-08-06 09:16:22,465 INFO Logged in to in.postassl.it as purchase.order@oilsafe.it
2025-08-06 09:16:22,516 INFO IMAP search returned 0 messages
2025-08-06 09:16:22,516 INFO IMAP polling returned 0 messages
2025-08-06 09:16:22,534 INFO has_attachment=False -> 0 messaggi: []

(.venv) C:\__Projects\__dev_Massimo\maxzap_gui_interface>python imap_poll_debug.py
2025-08-06 09:16:21,868 INFO === Avvio poll con has_attachment=True ===
2025-08-06 09:16:21,868 INFO Polling IMAP in.postassl.it mailbox INBOX with search 'UNSEEN'
  16:21.97 imaplib version 2.58
  16:21.97 new IMAP4 connection, tag=b'NENF'
  16:21.99 < b'* OK [CAPABILITY IMAP4rev1 SASL-IR LOGIN-REFERRALS ID ENABLE IDLE LITERAL+ AUTH=PLAIN] Dovecot ready.'
  16:21.99 > b'NENF0 CAPABILITY'
  16:22.01 < b'* CAPABILITY IMAP4rev1 SASL-IR LOGIN-REFERRALS ID ENABLE IDLE LITERAL+ AUTH=PLAIN'
  16:22.01 < b'NENF0 OK Pre-login capabilities listed, post-login capabilities have more.'
  16:22.01 CAPABILITIES: ('IMAP4REV1', 'SASL-IR', 'LOGIN-REFERRALS', 'ID', 'ENABLE', 'IDLE', 'LITERAL+', 'AUTH=PLAIN')
  16:22.01 > b'NENF1 LOGIN purchase.order@oilsafe.it "6!orS2k4"'
  16:22.09 < b'* CAPABILITY IMAP4rev1 LITERAL+ SASL-IR LOGIN-REFERRALS ID ENABLE IDLE SORT SORT=DISPLAY THREAD=REFERENCES THREAD=REFS THREAD=ORDEREDSUBJECT MULTIAPPEND URL-PARTIAL CATENATE UNSELECT CHILDREN NAMESPACE UIDPLUS LIST-EXTENDED I18NLEVEL=1 CONDSTORE QRESYNC ESEARCH ESORT SEARCHRES WITHIN CONTEXT=SEARCH LIST-STATUS BINARY MOVE SNIPPET=FUZZY SPECIAL-USE QUOTA ACL RIGHTS=texk'
  16:22.09 < b'NENF1 OK Logged in'
2025-08-06 09:16:22,099 INFO Logged in to in.postassl.it as purchase.order@oilsafe.it
  16:22.09 > b'NENF2 SELECT INBOX'
  16:22.14 < b'* FLAGS (\\Answered \\Flagged \\Deleted \\Seen \\Draft)'
  16:22.14 < b'* OK [PERMANENTFLAGS (\\Answered \\Flagged \\Deleted \\Seen \\Draft \\*)] Flags permitted.'
  16:22.14 < b'* 510 EXISTS'
  16:22.14 < b'* 0 RECENT'
  16:22.14 < b'* OK [UNSEEN 491] First unseen.'
  16:22.14 < b'* OK [UIDVALIDITY 1445849289] UIDs valid'
  16:22.14 < b'* OK [UIDNEXT 1476] Predicted next UID'
  16:22.14 < b'* OK [HIGHESTMODSEQ 3524] Highest'
  16:22.14 < b'NENF2 OK [READ-WRITE] Select completed (0.027 + 0.000 + 0.026 secs).'
  16:22.14 > b'NENF3 SEARCH UNSEEN'
  16:22.16 < b'* SEARCH 491 510'
  16:22.16 < b'NENF3 OK Search completed (0.001 + 0.000 secs).'
2025-08-06 09:16:22,164 INFO IMAP search returned 2 messages
  16:22.16 > b'NENF4 FETCH 491 (RFC822)'
  16:22.18 < b'* 491 FETCH (FLAGS (\\Seen) RFC822 {11248}'
  16:22.18 read literal size 11248
  16:22.20 < b')'
  16:22.20 < b'NENF4 OK Fetch completed (0.010 + 0.000 + 0.009 secs).'
  16:22.21 > b'NENF5 FETCH 510 (RFC822)'
  16:22.23 < b'* 510 FETCH (FLAGS (\\Seen) RFC822 {110981}'
  16:22.23 read literal size 110981
  16:22.28 < b')'
  16:22.28 < b'NENF5 OK Fetch completed (0.012 + 0.000 + 0.011 secs).'
2025-08-06 09:16:22,287 DEBUG Fetched IMAP message 510
2025-08-06 09:16:22,288 INFO IMAP polling returned 1 messages
  16:22.28 > b'NENF6 LOGOUT'
  16:22.30 < b'* BYE Logging out'
  16:22.30 BYE response: b'Logging out'
2025-08-06 09:16:22,306 INFO has_attachment=True -> 1 messaggi: ['510']
2025-08-06 09:16:22,306 DEBUG Messaggio 510, subject='Cargill Purchase Order 4519599569 CASTELMASSA RO I'
2025-08-06 09:16:22,307 INFO === Avvio poll con has_attachment=False ===
2025-08-06 09:16:22,307 INFO Polling IMAP in.postassl.it mailbox INBOX with search 'UNSEEN'
  16:22.35 imaplib version 2.58
  16:22.35 new IMAP4 connection, tag=b'PLGL'
  16:22.36 < b'* OK [CAPABILITY IMAP4rev1 SASL-IR LOGIN-REFERRALS ID ENABLE IDLE LITERAL+ AUTH=PLAIN] Dovecot ready.'
  16:22.36 > b'PLGL0 CAPABILITY'
  16:22.38 < b'* CAPABILITY IMAP4rev1 SASL-IR LOGIN-REFERRALS ID ENABLE IDLE LITERAL+ AUTH=PLAIN'
  16:22.38 < b'PLGL0 OK Pre-login capabilities listed, post-login capabilities have more.'
  16:22.38 CAPABILITIES: ('IMAP4REV1', 'SASL-IR', 'LOGIN-REFERRALS', 'ID', 'ENABLE', 'IDLE', 'LITERAL+', 'AUTH=PLAIN')
  16:22.38 > b'PLGL1 LOGIN purchase.order@oilsafe.it "6!orS2k4"'
  16:22.46 < b'* CAPABILITY IMAP4rev1 LITERAL+ SASL-IR LOGIN-REFERRALS ID ENABLE IDLE SORT SORT=DISPLAY THREAD=REFERENCES THREAD=REFS THREAD=ORDEREDSUBJECT MULTIAPPEND URL-PARTIAL CATENATE UNSELECT CHILDREN NAMESPACE UIDPLUS LIST-EXTENDED I18NLEVEL=1 CONDSTORE QRESYNC ESEARCH ESORT SEARCHRES WITHIN CONTEXT=SEARCH LIST-STATUS BINARY MOVE SNIPPET=FUZZY SPECIAL-USE QUOTA ACL RIGHTS=texk'
  16:22.46 < b'PLGL1 OK Logged in'
2025-08-06 09:16:22,465 INFO Logged in to in.postassl.it as purchase.order@oilsafe.it
  16:22.46 > b'PLGL2 SELECT INBOX'
  16:22.49 < b'* FLAGS (\\Answered \\Flagged \\Deleted \\Seen \\Draft)'
  16:22.49 < b'* OK [PERMANENTFLAGS (\\Answered \\Flagged \\Deleted \\Seen \\Draft \\*)] Flags permitted.'
  16:22.49 < b'* 510 EXISTS'
  16:22.49 < b'* 0 RECENT'
  16:22.49 < b'* OK [UIDVALIDITY 1445849289] UIDs valid'
  16:22.49 < b'* OK [UIDNEXT 1476] Predicted next UID'
  16:22.49 < b'* OK [HIGHESTMODSEQ 3526] Highest'
  16:22.49 < b'PLGL2 OK [READ-WRITE] Select completed (0.011 + 0.000 + 0.010 secs).'
  16:22.49 > b'PLGL3 SEARCH UNSEEN'
  16:22.51 < b'* SEARCH'
  16:22.51 < b'PLGL3 OK Search completed (0.001 + 0.000 secs).'
2025-08-06 09:16:22,516 INFO IMAP search returned 0 messages
2025-08-06 09:16:22,516 INFO IMAP polling returned 0 messages
  16:22.51 > b'PLGL4 LOGOUT'
  16:22.53 < b'* BYE Logging out'
  16:22.53 BYE response: b'Logging out'
2025-08-06 09:16:22,534 INFO has_attachment=False -> 0 messaggi: []

